Build started 11/08/2020 07:35:43 ب.ظ.
     1>Project "E:\AbolLife\git\UniversityManagement\UniversityManagement\UniversityManagement.vcxproj" on node 2 (Build target(s)).
     1>ClCompile:
         C:\Program Files\Microsoft Visual Studio 12.0\VC\bin\CL.exe /c /ZI /nologo /W3 /WX- /sdl /Od /Oy- /D WIN32 /D _DEBUG /D _CONSOLE /D _LIB /D _UNICODE /D UNICODE /Gm /EHsc /RTC1 /MDd /GS /fp:precise /Zc:wchar_t /Zc:forScope /Yu"stdafx.h" /Fp"Debug\UniversityManagement.pch" /Fo"Debug\\" /Fd"Debug\vc120.pdb" /Gd /TP /analyze- /errorReport:prompt Lesson.cpp UniversityManagement.cpp
         UniversityManagement.cpp
         Lesson.cpp
     1>e:\abollife\git\universitymanagement\universitymanagement\lesson.cpp(29): warning C4018: '<' : signed/unsigned mismatch
     1>e:\abollife\git\universitymanagement\universitymanagement\lesson.cpp(28): warning C4101: 'score' : unreferenced local variable
     1>e:\abollife\git\universitymanagement\universitymanagement\lesson.cpp(37): warning C4018: '<' : signed/unsigned mismatch
     1>e:\abollife\git\universitymanagement\universitymanagement\lesson.cpp(39): warning C4018: '<' : signed/unsigned mismatch
     1>e:\abollife\git\universitymanagement\universitymanagement\lesson.cpp(49): warning C4018: '<' : signed/unsigned mismatch
     1>e:\abollife\git\universitymanagement\universitymanagement\lesson.cpp(59): warning C4018: '<' : signed/unsigned mismatch
         Generating Code...
       Link:
         C:\Program Files\Microsoft Visual Studio 12.0\VC\bin\link.exe /ERRORREPORT:PROMPT /OUT:"E:\AbolLife\git\UniversityManagement\Debug\UniversityManagement.exe" /INCREMENTAL /NOLOGO kernel32.lib user32.lib gdi32.lib winspool.lib comdlg32.lib advapi32.lib shell32.lib ole32.lib oleaut32.lib uuid.lib odbc32.lib odbccp32.lib /MANIFEST /MANIFESTUAC:"level='asInvoker' uiAccess='false'" /manifest:embed /DEBUG /PDB:"E:\AbolLife\git\UniversityManagement\Debug\UniversityManagement.pdb" /SUBSYSTEM:CONSOLE /TLBID:1 /DYNAMICBASE /NXCOMPAT /IMPLIB:"E:\AbolLife\git\UniversityManagement\Debug\UniversityManagement.lib" /MACHINE:X86 Debug\FileManagement.obj
         Debug\Lesson.obj
         Debug\stdafx.obj
         Debug\Student.obj
         Debug\UniversityManagement.obj
         UniversityManagement.vcxproj -> E:\AbolLife\git\UniversityManagement\Debug\UniversityManagement.exe
     1>Done Building Project "E:\AbolLife\git\UniversityManagement\UniversityManagement\UniversityManagement.vcxproj" (Build target(s)).

Build succeeded.

Time Elapsed 00:00:09.70
